<?xml version="1.0" encoding="UTF-8" ?>
<testsuite tests="2" failures="0" name="nao.cycledev.rest.HelloWorldIT" time="1.28" errors="0" skipped="0">
  <properties>
    <property name="idea.version" value="13.1.5"/>
    <property name="java.runtime.name" value="Java(TM) SE Runtime Environment"/>
    <property name="sun.boot.library.path" value="/Library/Java/JavaVirtualMachines/jdk1.8.0_20.jdk/Contents/Home/jre/lib"/>
    <property name="java.vm.version" value="25.20-b23"/>
    <property name="user.country.format" value="UA"/>
    <property name="gopherProxySet" value="false"/>
    <property name="java.vm.vendor" value="Oracle Corporation"/>
    <property name="java.vendor.url" value="http://java.oracle.com/"/>
    <property name="path.separator" value=":"/>
    <property name="java.vm.name" value="Java HotSpot(TM) 64-Bit Server VM"/>
    <property name="file.encoding.pkg" value="sun.io"/>
    <property name="user.country" value="US"/>
    <property name="sun.java.launcher" value="SUN_STANDARD"/>
    <property name="sun.os.patch.level" value="unknown"/>
    <property name="java.vm.specification.name" value="Java Virtual Machine Specification"/>
    <property name="user.dir" value="/Users/noprysk/Documents/CycleDev/JAX-RS-TEST"/>
    <property name="java.runtime.version" value="1.8.0_20-b26"/>
    <property name="java.awt.graphicsenv" value="sun.awt.CGraphicsEnvironment"/>
    <property name="basedir" value="/Users/noprysk/Documents/CycleDev/JAX-RS-TEST"/>
    <property name="java.endorsed.dirs" value="/Library/Java/JavaVirtualMachines/jdk1.8.0_20.jdk/Contents/Home/jre/lib/endorsed"/>
    <property name="os.arch" value="x86_64"/>
    <property name="surefire.real.class.path" value="/Users/noprysk/Documents/CycleDev/JAX-RS-TEST/target/surefire/surefirebooter2237014370560505107.jar"/>
    <property name="java.io.tmpdir" value="/var/folders/pt/7q26xlkj1h39ltfp39213g7m0000gn/T/"/>
    <property name="line.separator" value="
"/>
    <property name="java.vm.specification.vendor" value="Oracle Corporation"/>
    <property name="os.name" value="Mac OS X"/>
    <property name="sun.jnu.encoding" value="UTF-8"/>
    <property name="java.library.path" value="/Users/noprysk/Library/Java/Extensions:/Library/Java/Extensions:/Network/Library/Java/Extensions:/System/Library/Java/Extensions:/usr/lib/java:."/>
    <property name="surefire.test.class.path" value="/Users/noprysk/Documents/CycleDev/JAX-RS-TEST/target/test-classes:/Users/noprysk/Documents/CycleDev/JAX-RS-TEST/target/classes:/Users/noprysk/.m2/repository/org/apache/cxf/cxf-rt-frontend-jaxrs/3.0.4/cxf-rt-frontend-jaxrs-3.0.4.jar:/Users/noprysk/.m2/repository/org/apache/cxf/cxf-core/3.0.4/cxf-core-3.0.4.jar:/Users/noprysk/.m2/repository/org/codehaus/woodstox/woodstox-core-asl/4.4.1/woodstox-core-asl-4.4.1.jar:/Users/noprysk/.m2/repository/org/codehaus/woodstox/stax2-api/3.1.4/stax2-api-3.1.4.jar:/Users/noprysk/.m2/repository/org/apache/ws/xmlschema/xmlschema-core/2.2.1/xmlschema-core-2.2.1.jar:/Users/noprysk/.m2/repository/javax/ws/rs/javax.ws.rs-api/2.0.1/javax.ws.rs-api-2.0.1.jar:/Users/noprysk/.m2/repository/javax/annotation/javax.annotation-api/1.2/javax.annotation-api-1.2.jar:/Users/noprysk/.m2/repository/org/apache/cxf/cxf-rt-transports-http/3.0.4/cxf-rt-transports-http-3.0.4.jar:/Users/noprysk/.m2/repository/org/apache/cxf/cxf-rt-rs-client/3.0.4/cxf-rt-rs-client-3.0.4.jar:/Users/noprysk/.m2/repository/org/codehaus/jackson/jackson-core-asl/1.8.6/jackson-core-asl-1.8.6.jar:/Users/noprysk/.m2/repository/org/codehaus/jackson/jackson-mapper-asl/1.8.6/jackson-mapper-asl-1.8.6.jar:/Users/noprysk/.m2/repository/org/codehaus/jackson/jackson-jaxrs/1.8.6/jackson-jaxrs-1.8.6.jar:/Users/noprysk/.m2/repository/org/springframework/spring-web/3.2.6.RELEASE/spring-web-3.2.6.RELEASE.jar:/Users/noprysk/.m2/repository/aopalliance/aopalliance/1.0/aopalliance-1.0.jar:/Users/noprysk/.m2/repository/org/springframework/spring-aop/3.2.6.RELEASE/spring-aop-3.2.6.RELEASE.jar:/Users/noprysk/.m2/repository/org/springframework/spring-beans/3.2.6.RELEASE/spring-beans-3.2.6.RELEASE.jar:/Users/noprysk/.m2/repository/org/springframework/spring-context/3.2.6.RELEASE/spring-context-3.2.6.RELEASE.jar:/Users/noprysk/.m2/repository/org/springframework/spring-expression/3.2.6.RELEASE/spring-expression-3.2.6.RELEASE.jar:/Users/noprysk/.m2/repository/org/springframework/spring-core/3.2.6.RELEASE/spring-core-3.2.6.RELEASE.jar:/Users/noprysk/.m2/repository/commons-logging/commons-logging/1.1.1/commons-logging-1.1.1.jar:/Users/noprysk/.m2/repository/junit/junit/4.12/junit-4.12.jar:/Users/noprysk/.m2/repository/org/hamcrest/hamcrest-core/1.3/hamcrest-core-1.3.jar:"/>
    <property name="java.specification.name" value="Java Platform API Specification"/>
    <property name="java.class.version" value="52.0"/>
    <property name="sun.management.compiler" value="HotSpot 64-Bit Tiered Compilers"/>
    <property name="os.version" value="10.10.2"/>
    <property name="http.nonProxyHosts" value="local|*.local|169.254/16|*.169.254/16"/>
    <property name="user.home" value="/Users/noprysk"/>
    <property name="user.timezone" value="Europe/Kiev"/>
    <property name="java.awt.printerjob" value="sun.lwawt.macosx.CPrinterJob"/>
    <property name="java.specification.version" value="1.8"/>
    <property name="file.encoding" value="UTF-8"/>
    <property name="user.name" value="noprysk"/>
    <property name="java.class.path" value="/Users/noprysk/Documents/CycleDev/JAX-RS-TEST/target/test-classes:/Users/noprysk/Documents/CycleDev/JAX-RS-TEST/target/classes:/Users/noprysk/.m2/repository/org/apache/cxf/cxf-rt-frontend-jaxrs/3.0.4/cxf-rt-frontend-jaxrs-3.0.4.jar:/Users/noprysk/.m2/repository/org/apache/cxf/cxf-core/3.0.4/cxf-core-3.0.4.jar:/Users/noprysk/.m2/repository/org/codehaus/woodstox/woodstox-core-asl/4.4.1/woodstox-core-asl-4.4.1.jar:/Users/noprysk/.m2/repository/org/codehaus/woodstox/stax2-api/3.1.4/stax2-api-3.1.4.jar:/Users/noprysk/.m2/repository/org/apache/ws/xmlschema/xmlschema-core/2.2.1/xmlschema-core-2.2.1.jar:/Users/noprysk/.m2/repository/javax/ws/rs/javax.ws.rs-api/2.0.1/javax.ws.rs-api-2.0.1.jar:/Users/noprysk/.m2/repository/javax/annotation/javax.annotation-api/1.2/javax.annotation-api-1.2.jar:/Users/noprysk/.m2/repository/org/apache/cxf/cxf-rt-transports-http/3.0.4/cxf-rt-transports-http-3.0.4.jar:/Users/noprysk/.m2/repository/org/apache/cxf/cxf-rt-rs-client/3.0.4/cxf-rt-rs-client-3.0.4.jar:/Users/noprysk/.m2/repository/org/codehaus/jackson/jackson-core-asl/1.8.6/jackson-core-asl-1.8.6.jar:/Users/noprysk/.m2/repository/org/codehaus/jackson/jackson-mapper-asl/1.8.6/jackson-mapper-asl-1.8.6.jar:/Users/noprysk/.m2/repository/org/codehaus/jackson/jackson-jaxrs/1.8.6/jackson-jaxrs-1.8.6.jar:/Users/noprysk/.m2/repository/org/springframework/spring-web/3.2.6.RELEASE/spring-web-3.2.6.RELEASE.jar:/Users/noprysk/.m2/repository/aopalliance/aopalliance/1.0/aopalliance-1.0.jar:/Users/noprysk/.m2/repository/org/springframework/spring-aop/3.2.6.RELEASE/spring-aop-3.2.6.RELEASE.jar:/Users/noprysk/.m2/repository/org/springframework/spring-beans/3.2.6.RELEASE/spring-beans-3.2.6.RELEASE.jar:/Users/noprysk/.m2/repository/org/springframework/spring-context/3.2.6.RELEASE/spring-context-3.2.6.RELEASE.jar:/Users/noprysk/.m2/repository/org/springframework/spring-expression/3.2.6.RELEASE/spring-expression-3.2.6.RELEASE.jar:/Users/noprysk/.m2/repository/org/springframework/spring-core/3.2.6.RELEASE/spring-core-3.2.6.RELEASE.jar:/Users/noprysk/.m2/repository/commons-logging/commons-logging/1.1.1/commons-logging-1.1.1.jar:/Users/noprysk/.m2/repository/junit/junit/4.12/junit-4.12.jar:/Users/noprysk/.m2/repository/org/hamcrest/hamcrest-core/1.3/hamcrest-core-1.3.jar:"/>
    <property name="java.vm.specification.version" value="1.8"/>
    <property name="sun.arch.data.model" value="64"/>
    <property name="java.home" value="/Library/Java/JavaVirtualMachines/jdk1.8.0_20.jdk/Contents/Home/jre"/>
    <property name="sun.java.command" value="/Users/noprysk/Documents/CycleDev/JAX-RS-TEST/target/surefire/surefirebooter2237014370560505107.jar /Users/noprysk/Documents/CycleDev/JAX-RS-TEST/target/surefire/surefire7270291561574620981tmp /Users/noprysk/Documents/CycleDev/JAX-RS-TEST/target/surefire/surefire7339311473800788029tmp"/>
    <property name="service.url" value="http://localhost:50091/jaxrs-service"/>
    <property name="java.specification.vendor" value="Oracle Corporation"/>
    <property name="user.language" value="en"/>
    <property name="awt.toolkit" value="sun.lwawt.macosx.LWCToolkit"/>
    <property name="java.vm.info" value="mixed mode"/>
    <property name="java.version" value="1.8.0_20"/>
    <property name="java.ext.dirs" value="/Users/noprysk/Library/Java/Extensions:/Library/Java/JavaVirtualMachines/jdk1.8.0_20.jdk/Contents/Home/jre/lib/ext:/Library/Java/Extensions:/Network/Library/Java/Extensions:/System/Library/Java/Extensions:/usr/lib/java"/>
    <property name="sun.boot.class.path" value="/Library/Java/JavaVirtualMachines/jdk1.8.0_20.jdk/Contents/Home/jre/lib/resources.jar:/Library/Java/JavaVirtualMachines/jdk1.8.0_20.jdk/Contents/Home/jre/lib/rt.jar:/Library/Java/JavaVirtualMachines/jdk1.8.0_20.jdk/Contents/Home/jre/lib/sunrsasign.jar:/Library/Java/JavaVirtualMachines/jdk1.8.0_20.jdk/Contents/Home/jre/lib/jsse.jar:/Library/Java/JavaVirtualMachines/jdk1.8.0_20.jdk/Contents/Home/jre/lib/jce.jar:/Library/Java/JavaVirtualMachines/jdk1.8.0_20.jdk/Contents/Home/jre/lib/charsets.jar:/Library/Java/JavaVirtualMachines/jdk1.8.0_20.jdk/Contents/Home/jre/lib/jfr.jar:/Library/Java/JavaVirtualMachines/jdk1.8.0_20.jdk/Contents/Home/jre/classes"/>
    <property name="java.vendor" value="Oracle Corporation"/>
    <property name="localRepository" value="/Users/noprysk/.m2/repository"/>
    <property name="file.separator" value="/"/>
    <property name="java.vendor.url.bug" value="http://bugreport.sun.com/bugreport/"/>
    <property name="sun.cpu.endian" value="little"/>
    <property name="sun.io.unicode.encoding" value="UnicodeBig"/>
    <property name="socksNonProxyHosts" value="local|*.local|169.254/16|*.169.254/16"/>
    <property name="ftp.nonProxyHosts" value="local|*.local|169.254/16|*.169.254/16"/>
    <property name="sun.cpu.isalist" value=""/>
  </properties>
  <testcase classname="nao.cycledev.rest.HelloWorldIT" name="testJsonRoundtrip" time="1.174"/>
  <testcase classname="nao.cycledev.rest.HelloWorldIT" name="testPing" time="0.013"/>
</testsuite>